#
# There is insufficient memory for the Java Runtime Environment to continue.
# Native memory allocation (malloc) failed to allocate 2210896 bytes for Chunk::new
# Possible reasons:
#   The system is out of physical RAM or swap space
#   The process is running with CompressedOops enabled, and the Java Heap may be blocking the growth of the native heap
# Possible solutions:
#   Reduce memory load on the system
#   Increase physical memory or swap space
#   Check if swap backing store is full
#   Decrease Java heap size (-Xmx/-Xms)
#   Decrease number of Java threads
#   Decrease Java thread stack sizes (-Xss)
#   Set larger code cache with -XX:ReservedCodeCacheSize=
#   JVM is running with Unscaled Compressed Oops mode in which the Java heap is
#     placed in the first 4GB address space. The Java Heap base address is the
#     maximum limit for the native heap growth. Please use -XX:HeapBaseMinAddress
#     to set the Java Heap base and to place the Java Heap above 4GB virtual address.
# This output file may be truncated or incomplete.
#
#  Out of Memory Error (allocation.cpp:389), pid=8532, tid=0x0000000000021428
#
# JRE version: Java(TM) SE Runtime Environment (8.0_231-b11) (build 1.8.0_231-b11)
# Java VM: Java HotSpot(TM) 64-Bit Server VM (25.231-b11 mixed mode windows-amd64 compressed oops)
# Failed to write core dump. Minidumps are not enabled by default on client versions of Windows
#

---------------  T H R E A D  ---------------

Current thread (0x0000000019766000):  JavaThread "C2 CompilerThread1" daemon [_thread_in_native, id=136232, stack(0x0000000019c00000,0x0000000019d00000)]

Stack: [0x0000000019c00000,0x0000000019d00000]
[error occurred during error reporting (printing stack bounds), id 0xc0000005]

Native frames: (J=compiled Java code, j=interpreted, Vv=VM code, C=native code)


Current CompileTask:
C2:   3833 2182   !   4       java.net.URLClassLoader$1::run (63 bytes)


---------------  P R O C E S S  ---------------

Java Threads: ( => current thread )
  0x0000000022a33800 JavaThread "flink-akka.actor.default-dispatcher-6" [_thread_in_vm, id=127144, stack(0x0000000024ed0000,0x0000000024fd0000)]
  0x0000000022a29800 JavaThread "ForkJoinPool.commonPool-worker-5" daemon [_thread_blocked, id=153628, stack(0x0000000024fe0000,0x00000000250e0000)]
  0x0000000022a2d800 JavaThread "ForkJoinPool.commonPool-worker-4" daemon [_thread_blocked, id=153444, stack(0x0000000024dd0000,0x0000000024ed0000)]
  0x0000000022a30800 JavaThread "ForkJoinPool.commonPool-worker-3" daemon [_thread_blocked, id=156828, stack(0x0000000024cd0000,0x0000000024dd0000)]
  0x0000000022a29000 JavaThread "ForkJoinPool.commonPool-worker-2" daemon [_thread_blocked, id=152068, stack(0x0000000024bd0000,0x0000000024cd0000)]
  0x0000000022a2c000 JavaThread "mini-cluster-io-thread-10" daemon [_thread_blocked, id=118616, stack(0x0000000024ad0000,0x0000000024bd0000)]
  0x0000000022a2f000 JavaThread "mini-cluster-io-thread-9" daemon [_thread_blocked, id=131340, stack(0x00000000249d0000,0x0000000024ad0000)]
  0x0000000022a2f800 JavaThread "jobmanager-future-thread-1" daemon [_thread_blocked, id=151264, stack(0x00000000248d0000,0x00000000249d0000)]
  0x0000000022a2e000 JavaThread "mini-cluster-io-thread-8" daemon [_thread_blocked, id=157220, stack(0x00000000247d0000,0x00000000248d0000)]
  0x0000000022a2a800 JavaThread "mini-cluster-io-thread-7" daemon [_thread_blocked, id=156832, stack(0x00000000246d0000,0x00000000247d0000)]
  0x0000000022a2b000 JavaThread "mini-cluster-io-thread-6" daemon [_thread_blocked, id=70464, stack(0x00000000245d0000,0x00000000246d0000)]
  0x0000000022a28000 JavaThread "mini-cluster-io-thread-5" daemon [_thread_blocked, id=155412, stack(0x00000000244d0000,0x00000000245d0000)]
  0x0000000022a27000 JavaThread "mini-cluster-io-thread-4" daemon [_thread_blocked, id=32628, stack(0x00000000243d0000,0x00000000244d0000)]
  0x0000000022a2c800 JavaThread "mini-cluster-io-thread-3" daemon [_thread_blocked, id=155676, stack(0x00000000242d0000,0x00000000243d0000)]
  0x000000001cbab800 JavaThread "mini-cluster-io-thread-2" daemon [_thread_blocked, id=156748, stack(0x00000000241d0000,0x00000000242d0000)]
  0x000000001cbad000 JavaThread "Flink-DispatcherRestEndpoint-thread-1" daemon [_thread_blocked, id=144936, stack(0x00000000240d0000,0x00000000241d0000)]
  0x000000001cbac800 JavaThread "mini-cluster-io-thread-1" daemon [_thread_blocked, id=138348, stack(0x0000000023fd0000,0x00000000240d0000)]
  0x000000001cbab000 JavaThread "flink-rest-server-netty-boss-thread-1" daemon [_thread_in_native, id=157516, stack(0x0000000023ed0000,0x0000000023fd0000)]
  0x000000001cbae800 JavaThread "IOManager reader thread #1" daemon [_thread_blocked, id=128316, stack(0x000000001e6c0000,0x000000001e7c0000)]
  0x000000001cbb0000 JavaThread "IOManager writer thread #1" daemon [_thread_blocked, id=139700, stack(0x000000001e5c0000,0x000000001e6c0000)]
  0x000000001cbae000 JavaThread "Timer-2" daemon [_thread_blocked, id=157152, stack(0x000000001e4c0000,0x000000001e5c0000)]
  0x000000001cba9800 JavaThread "Timer-1" daemon [_thread_blocked, id=133240, stack(0x000000001e3c0000,0x000000001e4c0000)]
  0x000000001cbaf800 JavaThread "BLOB Server listener at 60966" daemon [_thread_in_native, id=156228, stack(0x000000001e1c0000,0x000000001e2c0000)]
  0x000000001cbaa000 JavaThread "Timer-0" daemon [_thread_blocked, id=151644, stack(0x000000001e0c0000,0x000000001e1c0000)]
  0x000000001c8be000 JavaThread "ForkJoinPool.commonPool-worker-1" daemon [_thread_blocked, id=156700, stack(0x000000001dda0000,0x000000001dea0000)]
  0x000000001c8b2800 JavaThread "flink-metrics-akka.actor.supervisor-dispatcher-3" [_thread_blocked, id=147220, stack(0x000000001dca0000,0x000000001dda0000)]
  0x000000001c7c7800 JavaThread "flink-metrics-2" [_thread_blocked, id=156936, stack(0x000000001dba0000,0x000000001dca0000)]
  0x000000001c7c7000 JavaThread "flink-metrics-scheduler-1" [_thread_blocked, id=156856, stack(0x000000001daa0000,0x000000001dba0000)]
  0x000000001c803800 JavaThread "flink-akka.actor.supervisor-dispatcher-5" [_thread_blocked, id=157612, stack(0x000000001d9a0000,0x000000001daa0000)]
  0x000000001c564000 JavaThread "flink-akka.actor.default-dispatcher-4" [_thread_blocked, id=140684, stack(0x000000001d6a0000,0x000000001d7a0000)]
  0x000000001c565800 JavaThread "flink-akka.actor.default-dispatcher-3" [_thread_blocked, id=153472, stack(0x000000001d5a0000,0x000000001d6a0000)]
  0x000000001c583000 JavaThread "flink-akka.actor.default-dispatcher-2" [_thread_blocked, id=150636, stack(0x000000001d4a0000,0x000000001d5a0000)]
  0x000000001c4e8000 JavaThread "flink-scheduler-1" [_thread_blocked, id=8952, stack(0x000000001d1a0000,0x000000001d2a0000)]
  0x0000000019e18800 JavaThread "Service Thread" daemon [_thread_blocked, id=113844, stack(0x000000001a600000,0x000000001a700000)]
  0x0000000019767000 JavaThread "C1 CompilerThread2" daemon [_thread_blocked, id=5652, stack(0x0000000019d00000,0x0000000019e00000)]
=>0x0000000019766000 JavaThread "C2 CompilerThread1" daemon [_thread_in_native, id=136232, stack(0x0000000019c00000,0x0000000019d00000)]
  0x000000001976d800 JavaThread "C2 CompilerThread0" daemon [_thread_in_native, id=140168, stack(0x0000000019b00000,0x0000000019c00000)]
  0x000000001976c800 JavaThread "Monitor Ctrl-Break" daemon [_thread_in_native, id=151192, stack(0x0000000019a00000,0x0000000019b00000)]
  0x000000001943e800 JavaThread "Attach Listener" daemon [_thread_blocked, id=144892, stack(0x00000000198f0000,0x00000000199f0000)]
  0x0000000017a35000 JavaThread "Signal Dispatcher" daemon [_thread_blocked, id=154300, stack(0x00000000197f0000,0x00000000198f0000)]
  0x0000000017a0d800 JavaThread "Finalizer" daemon [_thread_blocked, id=157452, stack(0x0000000019290000,0x0000000019390000)]
  0x0000000017a0c000 JavaThread "Reference Handler" daemon [_thread_blocked, id=118212, stack(0x0000000019190000,0x0000000019290000)]
  0x0000000002b25000 JavaThread "main" [_thread_blocked, id=150324, stack(0x0000000002590000,0x0000000002690000)]

Other Threads:
  0x00000000179e7800 VMThread [stack: 0x0000000019090000,0x0000000019190000] [id=156900]
  0x0000000019e9b800 WatcherThread [stack: 0x000000001a700000,0x000000001a800000] [id=12200]

VM state:not at safepoint (normal execution)

VM Mutex/Monitor currently owned by a thread: None

heap address: 0x0000000081000000, size: 2032 MB, Compressed Oops mode: 32-bit
Narrow klass base: 0x0000000000000000, Narrow klass shift: 3
Compressed class space size: 1073741824 Address: 0x0000000100000000

Heap:
 PSYoungGen      total 98816K, used 30391K [0x00000000d5b00000, 0x00000000dd500000, 0x0000000100000000)
  eden space 87552K, 34% used [0x00000000d5b00000,0x00000000d78adc60,0x00000000db080000)
  from space 11264K, 0% used [0x00000000dbb00000,0x00000000dbb00000,0x00000000dc600000)
  to   space 10752K, 0% used [0x00000000db080000,0x00000000db080000,0x00000000dbb00000)
 ParOldGen       total 84992K, used 10775K [0x0000000081000000, 0x0000000086300000, 0x00000000d5b00000)
  object space 84992K, 12% used [0x0000000081000000,0x0000000081a85ec0,0x0000000086300000)
 Metaspace       used 36710K, capacity 38772K, committed 39000K, reserved 1083392K
  class space    used 5181K, capacity 5487K, committed 5504K, reserved 1048576K

Card table byte_map: [0x0000000011fe0000,0x00000000123e0000] byte_map_base: 0x0000000011bd8000

Marking Bits: (ParMarkBitMap*) 0x0000000061986d90
 Begin Bits: [0x0000000012c90000, 0x0000000014c50000)
 End Bits:   [0x0000000014c50000, 0x0000000016c10000)

Polling page: 0x00000000005f0000

CodeCache: size=245760Kb used=7586Kb max_used=7586Kb free=238173Kb
 bounds [0x0000000002c20000, 0x0000000003390000, 0x0000000011c20000]
 total_blobs=2853 nmethods=2337 adapters=428
 compilation: enabled

Compilation events (10 events):
Event: 3.822 Thread 0x0000000019767000 2342       3       java.lang.invoke.DelegatingMethodHandle::<init> (10 bytes)
Event: 3.823 Thread 0x0000000019767000 nmethod 2342 0x0000000003388450 code [0x0000000003388600, 0x0000000003388c88]
Event: 3.823 Thread 0x0000000019767000 2343       3       java.io.ObjectInputStream$BlockDataInputStream::readByte (20 bytes)
Event: 3.823 Thread 0x0000000019767000 nmethod 2343 0x0000000003388f50 code [0x00000000033890c0, 0x0000000003389358]
Event: 3.823 Thread 0x0000000019767000 2344   !   3       java.io.ObjectInputStream$BlockDataInputStream::readUTFSpan (502 bytes)
Event: 3.823 Thread 0x0000000019767000 nmethod 2344 0x0000000003389490 code [0x0000000003389700, 0x000000000338a5a8]
Event: 3.824 Thread 0x0000000019767000 2345       3       java.io.ObjectInputStream$PeekInputStream::peek (49 bytes)
Event: 3.824 Thread 0x0000000019767000 nmethod 2345 0x000000000338b590 code [0x000000000338b700, 0x000000000338b9e8]
Event: 3.826 Thread 0x0000000019767000 2346       1       java.text.DontCareFieldPosition::getFieldDelegate (5 bytes)
Event: 3.826 Thread 0x0000000019767000 nmethod 2346 0x000000000338bc90 code [0x000000000338bde0, 0x000000000338bef0]

GC Heap History (10 events):
Event: 1.896 GC heap before
{Heap before GC invocations=4 (full 1):
 PSYoungGen      total 38400K, used 5116K [0x00000000d5b00000, 0x00000000da600000, 0x0000000100000000)
  eden space 33280K, 0% used [0x00000000d5b00000,0x00000000d5b00000,0x00000000d7b80000)
  from space 5120K, 99% used [0x00000000d7b80000,0x00000000d807f0e0,0x00000000d8080000)
  to   space 5120K, 0% used [0x00000000da100000,0x00000000da100000,0x00000000da600000)
 ParOldGen       total 87552K, used 6774K [0x0000000081000000, 0x0000000086580000, 0x00000000d5b00000)
  object space 87552K, 7% used [0x0000000081000000,0x000000008169dad8,0x0000000086580000)
 Metaspace       used 20096K, capacity 21100K, committed 21248K, reserved 1067008K
  class space    used 2755K, capacity 2950K, committed 3072K, reserved 1048576K
Event: 1.914 GC heap after
Heap after GC invocations=4 (full 1):
 PSYoungGen      total 38400K, used 0K [0x00000000d5b00000, 0x00000000da600000, 0x0000000100000000)
  eden space 33280K, 0% used [0x00000000d5b00000,0x00000000d5b00000,0x00000000d7b80000)
  from space 5120K, 0% used [0x00000000d7b80000,0x00000000d7b80000,0x00000000d8080000)
  to   space 5120K, 0% used [0x00000000da100000,0x00000000da100000,0x00000000da600000)
 ParOldGen       total 58368K, used 8095K [0x0000000081000000, 0x0000000084900000, 0x00000000d5b00000)
  object space 58368K, 13% used [0x0000000081000000,0x00000000817e7d20,0x0000000084900000)
 Metaspace       used 20096K, capacity 21100K, committed 21248K, reserved 1067008K
  class space    used 2755K, capacity 2950K, committed 3072K, reserved 1048576K
}
Event: 2.243 GC heap before
{Heap before GC invocations=5 (full 1):
 PSYoungGen      total 38400K, used 33280K [0x00000000d5b00000, 0x00000000da600000, 0x0000000100000000)
  eden space 33280K, 100% used [0x00000000d5b00000,0x00000000d7b80000,0x00000000d7b80000)
  from space 5120K, 0% used [0x00000000d7b80000,0x00000000d7b80000,0x00000000d8080000)
  to   space 5120K, 0% used [0x00000000da100000,0x00000000da100000,0x00000000da600000)
 ParOldGen       total 58368K, used 8095K [0x0000000081000000, 0x0000000084900000, 0x00000000d5b00000)
  object space 58368K, 13% used [0x0000000081000000,0x00000000817e7d20,0x0000000084900000)
 Metaspace       used 24194K, capacity 25632K, committed 25728K, reserved 1071104K
  class space    used 3432K, capacity 3635K, committed 3712K, reserved 1048576K
Event: 2.246 GC heap after
Heap after GC invocations=5 (full 1):
 PSYoungGen      total 58368K, used 3815K [0x00000000d5b00000, 0x00000000da500000, 0x0000000100000000)
  eden space 54272K, 0% used [0x00000000d5b00000,0x00000000d5b00000,0x00000000d9000000)
  from space 4096K, 93% used [0x00000000da100000,0x00000000da4b9ed0,0x00000000da500000)
  to   space 5120K, 0% used [0x00000000d9b00000,0x00000000d9b00000,0x00000000da000000)
 ParOldGen       total 58368K, used 8103K [0x0000000081000000, 0x0000000084900000, 0x00000000d5b00000)
  object space 58368K, 13% used [0x0000000081000000,0x00000000817e9d20,0x0000000084900000)
 Metaspace       used 24194K, capacity 25632K, committed 25728K, reserved 1071104K
  class space    used 3432K, capacity 3635K, committed 3712K, reserved 1048576K
}
Event: 3.121 GC heap before
{Heap before GC invocations=6 (full 1):
 PSYoungGen      total 58368K, used 58087K [0x00000000d5b00000, 0x00000000da500000, 0x0000000100000000)
  eden space 54272K, 100% used [0x00000000d5b00000,0x00000000d9000000,0x00000000d9000000)
  from space 4096K, 93% used [0x00000000da100000,0x00000000da4b9ed0,0x00000000da500000)
  to   space 5120K, 0% used [0x00000000d9b00000,0x00000000d9b00000,0x00000000da000000)
 ParOldGen       total 58368K, used 8103K [0x0000000081000000, 0x0000000084900000, 0x00000000d5b00000)
  object space 58368K, 13% used [0x0000000081000000,0x00000000817e9d20,0x0000000084900000)
 Metaspace       used 31419K, capacity 32972K, committed 33280K, reserved 1077248K
  class space    used 4359K, capacity 4599K, committed 4608K, reserved 1048576K
Event: 3.130 GC heap after
Heap after GC invocations=6 (full 1):
 PSYoungGen      total 70656K, used 5093K [0x00000000d5b00000, 0x00000000dc600000, 0x0000000100000000)
  eden space 65536K, 0% used [0x00000000d5b00000,0x00000000d5b00000,0x00000000d9b00000)
  from space 5120K, 99% used [0x00000000d9b00000,0x00000000d9ff97d0,0x00000000da000000)
  to   space 11264K, 0% used [0x00000000dbb00000,0x00000000dbb00000,0x00000000dc600000)
 ParOldGen       total 58368K, used 11802K [0x0000000081000000, 0x0000000084900000, 0x00000000d5b00000)
  object space 58368K, 20% used [0x0000000081000000,0x0000000081b869c0,0x0000000084900000)
 Metaspace       used 31419K, capacity 32972K, committed 33280K, reserved 1077248K
  class space    used 4359K, capacity 4599K, committed 4608K, reserved 1048576K
}
Event: 3.578 GC heap before
{Heap before GC invocations=7 (full 1):
 PSYoungGen      total 70656K, used 25258K [0x00000000d5b00000, 0x00000000dc600000, 0x0000000100000000)
  eden space 65536K, 30% used [0x00000000d5b00000,0x00000000d6eb12b0,0x00000000d9b00000)
  from space 5120K, 99% used [0x00000000d9b00000,0x00000000d9ff97d0,0x00000000da000000)
  to   space 11264K, 0% used [0x00000000dbb00000,0x00000000dbb00000,0x00000000dc600000)
 ParOldGen       total 58368K, used 11802K [0x0000000081000000, 0x0000000084900000, 0x00000000d5b00000)
  object space 58368K, 20% used [0x0000000081000000,0x0000000081b869c0,0x0000000084900000)
 Metaspace       used 33776K, capacity 35314K, committed 35416K, reserved 1079296K
  class space    used 4749K, capacity 4992K, committed 4992K, reserved 1048576K
Event: 3.582 GC heap after
Heap after GC invocations=7 (full 1):
 PSYoungGen      total 98816K, used 5756K [0x00000000d5b00000, 0x00000000dd500000, 0x0000000100000000)
  eden space 87552K, 0% used [0x00000000d5b00000,0x00000000d5b00000,0x00000000db080000)
  from space 11264K, 51% used [0x00000000dbb00000,0x00000000dc09f088,0x00000000dc600000)
  to   space 10752K, 0% used [0x00000000db080000,0x00000000db080000,0x00000000dbb00000)
 ParOldGen       total 58368K, used 11810K [0x0000000081000000, 0x0000000084900000, 0x00000000d5b00000)
  object space 58368K, 20% used [0x0000000081000000,0x0000000081b889c0,0x0000000084900000)
 Metaspace       used 33776K, capacity 35314K, committed 35416K, reserved 1079296K
  class space    used 4749K, capacity 4992K, committed 4992K, reserved 1048576K
}
Event: 3.582 GC heap before
{Heap before GC invocations=8 (full 2):
 PSYoungGen      total 98816K, used 5756K [0x00000000d5b00000, 0x00000000dd500000, 0x0000000100000000)
  eden space 87552K, 0% used [0x00000000d5b00000,0x00000000d5b00000,0x00000000db080000)
  from space 11264K, 51% used [0x00000000dbb00000,0x00000000dc09f088,0x00000000dc600000)
  to   space 10752K, 0% used [0x00000000db080000,0x00000000db080000,0x00000000dbb00000)
 ParOldGen       total 58368K, used 11810K [0x0000000081000000, 0x0000000084900000, 0x00000000d5b00000)
  object space 58368K, 20% used [0x0000000081000000,0x0000000081b889c0,0x0000000084900000)
 Metaspace       used 33776K, capacity 35314K, committed 35416K, reserved 1079296K
  class space    used 4749K, capacity 4992K, committed 4992K, reserved 1048576K
Event: 3.609 GC heap after
Heap after GC invocations=8 (full 2):
 PSYoungGen      total 98816K, used 0K [0x00000000d5b00000, 0x00000000dd500000, 0x0000000100000000)
  eden space 87552K, 0% used [0x00000000d5b00000,0x00000000d5b00000,0x00000000db080000)
  from space 11264K, 0% used [0x00000000dbb00000,0x00000000dbb00000,0x00000000dc600000)
  to   space 10752K, 0% used [0x00000000db080000,0x00000000db080000,0x00000000dbb00000)
 ParOldGen       total 84992K, used 10775K [0x0000000081000000, 0x0000000086300000, 0x00000000d5b00000)
  object space 84992K, 12% used [0x0000000081000000,0x0000000081a85ec0,0x0000000086300000)
 Metaspace       used 33771K, capacity 35302K, committed 35416K, reserved 1079296K
  class space    used 4747K, capacity 4990K, committed 4992K, reserved 1048576K
}

Deoptimization events (10 events):
Event: 2.302 Thread 0x0000000002b25000 Uncommon trap: reason=unstable_if action=reinterpret pc=0x0000000002ee6230 method=java.util.HashMap.getNode(ILjava/lang/Object;)Ljava/util/HashMap$Node; @ 62
Event: 2.367 Thread 0x0000000002b25000 Uncommon trap: reason=unstable_if action=reinterpret pc=0x0000000002fc0e2c method=jdk.internal.org.objectweb.asm.Type.getArgumentsAndReturnSizes(Ljava/lang/String;)I @ 41
Event: 2.389 Thread 0x0000000002b25000 Uncommon trap: reason=unstable_if action=reinterpret pc=0x0000000002ed2ad4 method=java.io.WinNTFileSystem.normalize(Ljava/lang/String;)Ljava/lang/String; @ 128
Event: 3.228 Thread 0x0000000002b25000 Uncommon trap: reason=unstable_if action=reinterpret pc=0x0000000003111224 method=jdk.internal.org.objectweb.asm.Item.isEqualTo(Ljdk/internal/org/objectweb/asm/Item;)Z @ 331
Event: 3.640 Thread 0x0000000002b25000 Uncommon trap: reason=unstable_if action=reinterpret pc=0x00000000031a7f38 method=sun.net.util.IPAddressUtil.scan(Ljava/lang/String;JJ[C)I @ 14
Event: 3.691 Thread 0x0000000022a2a800 Uncommon trap: reason=unstable_if action=reinterpret pc=0x00000000032a0e58 method=java.lang.ClassLoader.loadClass(Ljava/lang/String;Z)Ljava/lang/Class; @ 17
Event: 3.699 Thread 0x0000000022a2f000 Uncommon trap: reason=class_check action=maybe_recompile pc=0x00000000030ecc04 method=java.util.concurrent.ConcurrentHashMap.putVal(Ljava/lang/Object;Ljava/lang/Object;Z)Ljava/lang/Object; @ 192
Event: 3.699 Thread 0x000000001c565800 Uncommon trap: reason=class_check action=maybe_recompile pc=0x00000000030ecc04 method=java.util.concurrent.ConcurrentHashMap.putVal(Ljava/lang/Object;Ljava/lang/Object;Z)Ljava/lang/Object; @ 192
Event: 3.709 Thread 0x000000001c565800 Uncommon trap: reason=unstable_if action=reinterpret pc=0x00000000030ecbc4 method=java.util.concurrent.ConcurrentHashMap.putVal(Ljava/lang/Object;Ljava/lang/Object;Z)Ljava/lang/Object; @ 98
Event: 3.822 Thread 0x000000001c4e8000 Uncommon trap: reason=unstable_if action=reinterpret pc=0x0000000003128a74 method=akka.dispatch.AbstractNodeQueue.pollNode()Lakka/dispatch/AbstractNodeQueue$Node; @ 20

Classes redefined (0 events):
No events

Internal exceptions (10 events):
Event: 2.168 Thread 0x0000000002b25000 Exception <a 'java/lang/NoSuchMethodError': java.lang.Object.$anonfun$developmentVersion$2(Lscala/util/PropertiesTrait;Ljava/lang/String;)Lscala/Option;> (0x00000000d7201548) thrown at [C:\re\workspace\8-2-build-windows-amd64-cygwin\jdk8u231\13620\hotspot
Event: 2.170 Thread 0x0000000002b25000 Exception <a 'java/lang/NoSuchMethodError': java.lang.Object.$anonfun$$plus$plus$1(Lscala/collection/immutable/Map;Lscala/Tuple2;)Lscala/collection/immutable/Map;> (0x00000000d721e0f8) thrown at [C:\re\workspace\8-2-build-windows-amd64-cygwin\jdk8u231\136
Event: 2.201 Thread 0x0000000002b25000 Exception <a 'java/lang/NoSuchMethodError': java.lang.Object.$anonfun$indexWhere$1$adapted(Lscala/Function1;Ljava/lang/Object;)Ljava/lang/Object;> (0x00000000d73c1678) thrown at [C:\re\workspace\8-2-build-windows-amd64-cygwin\jdk8u231\13620\hotspot\src\sh
Event: 2.565 Thread 0x0000000002b25000 Exception <a 'java/lang/NoSuchMethodError': java.lang.Object.lambda$static$0(Ljava/lang/String;)Ljava/util/Set;> (0x00000000d6394dc0) thrown at [C:\re\workspace\8-2-build-windows-amd64-cygwin\jdk8u231\13620\hotspot\src\share\vm\interpreter\linkResolver.cp
Event: 2.756 Thread 0x0000000002b25000 Exception <a 'sun/nio/fs/WindowsException'> (0x00000000d71d1218) thrown at [C:\re\workspace\8-2-build-windows-amd64-cygwin\jdk8u231\13620\hotspot\src\share\vm\prims\jni.cpp, line 710]
Event: 3.676 Thread 0x0000000002b25000 Exception <a 'java/lang/NoSuchMethodError': java.lang.Object.lambda$identity$2(Ljava/lang/Object;)Ljava/lang/Object;> (0x00000000d64734e0) thrown at [C:\re\workspace\8-2-build-windows-amd64-cygwin\jdk8u231\13620\hotspot\src\share\vm\interpreter\linkResolv
Event: 3.703 Thread 0x000000001c8be000 Exception <a 'java/lang/NoSuchMethodError': java.lang.Object.$anonfun$mapTo$1(Ljava/lang/Class;Ljava/lang/Object;)Ljava/lang/Object;> (0x00000000d6b89760) thrown at [C:\re\workspace\8-2-build-windows-amd64-cygwin\jdk8u231\13620\hotspot\src\share\vm\interp
Event: 3.703 Thread 0x000000001c8be000 Exception <a 'java/lang/NoSuchMethodError': java.lang.Object.$anonfun$map$1(Lscala/Function1;Lscala/util/Try;)Lscala/util/Try;> (0x00000000d6b8da68) thrown at [C:\re\workspace\8-2-build-windows-amd64-cygwin\jdk8u231\13620\hotspot\src\share\vm\interpreter\
Event: 3.714 Thread 0x000000001c565800 Exception <a 'java/lang/NoSuchMethodError': java.lang.Object.$anonfun$andThen$2(Lscala/util/Try;)Lscala/util/Try;> (0x00000000d6d70488) thrown at [C:\re\workspace\8-2-build-windows-amd64-cygwin\jdk8u231\13620\hotspot\src\share\vm\interpreter\linkResolver.
Event: 3.725 Thread 0x000000001c583000 Exception <a 'java/lang/NoSuchMethodError': java.lang.Object.lambda$unchecked$0(Lorg/apache/flink/util/function/BiConsumerWithException;Ljava/lang/Object;Ljava/lang/Object;)V> (0x00000000d6f179a8) thrown at [C:\re\workspace\8-2-build-windows-amd64-cygwin\

Events (10 events):
Event: 3.830 loading class org/apache/flink/shaded/guava18/com/google/common/collect/ImmutableMultimap$Values
Event: 3.830 loading class org/apache/flink/shaded/guava18/com/google/common/collect/ImmutableMultimap$Values done
Event: 3.830 loading class org/apache/flink/shaded/guava18/com/google/common/collect/ImmutableMultimap$1
Event: 3.830 loading class org/apache/flink/shaded/guava18/com/google/common/collect/ImmutableMultimap$1 done
Event: 3.831 loading class org/apache/flink/shaded/guava18/com/google/common/collect/ImmutableMultimap$Itr
Event: 3.831 loading class org/apache/flink/shaded/guava18/com/google/common/collect/ImmutableMultimap$Itr done
Event: 3.831 loading class org/apache/flink/shaded/guava18/com/google/common/collect/ImmutableMultiset
Event: 3.831 loading class org/apache/flink/shaded/guava18/com/google/common/collect/ImmutableMultiset done
Event: 3.832 loading class org/apache/flink/shaded/guava18/com/google/common/collect/ImmutableMultimap$Keys
Event: 3.832 loading class org/apache/flink/shaded/guava18/com/google/common/collect/ImmutableMultimap$Keys done


Dynamic libraries:
0x00007ff7dd050000 - 0x00007ff7dd087000 	C:\Program Files\Java\jdk1.8.0_231\bin\java.exe
0x00007ffb7ee20000 - 0x00007ffb7f010000 	C:\WINDOWS\SYSTEM32\ntdll.dll
0x00007ffb7da10000 - 0x00007ffb7dac2000 	C:\WINDOWS\System32\KERNEL32.DLL
0x00007ffb7c960000 - 0x00007ffb7cc05000 	C:\WINDOWS\System32\KERNELBASE.dll
0x00007ffb7ced0000 - 0x00007ffb7cf73000 	C:\WINDOWS\System32\ADVAPI32.dll
0x00007ffb7ec90000 - 0x00007ffb7ed2e000 	C:\WINDOWS\System32\msvcrt.dll
0x00007ffb7e610000 - 0x00007ffb7e6a7000 	C:\WINDOWS\System32\sechost.dll
0x00007ffb7de40000 - 0x00007ffb7df5f000 	C:\WINDOWS\System32\RPCRT4.dll
0x00007ffb7df60000 - 0x00007ffb7e0f4000 	C:\WINDOWS\System32\USER32.dll
0x00007ffb7cc10000 - 0x00007ffb7cc31000 	C:\WINDOWS\System32\win32u.dll
0x00007ffb7dad0000 - 0x00007ffb7daf6000 	C:\WINDOWS\System32\GDI32.dll
0x00007ffb7c7a0000 - 0x00007ffb7c938000 	C:\WINDOWS\System32\gdi32full.dll
0x00007ffb7c700000 - 0x00007ffb7c79e000 	C:\WINDOWS\System32\msvcp_win.dll
0x00007ffb7cc40000 - 0x00007ffb7cd3a000 	C:\WINDOWS\System32\ucrtbase.dll
0x00007ffb6ffb0000 - 0x00007ffb70234000 	C:\WINDOWS\WinSxS\amd64_microsoft.windows.common-controls_6595b64144ccf1df_6.0.18362.1556_none_9e7e372fe45e41d5\COMCTL32.dll
0x00007ffb7e950000 - 0x00007ffb7ec86000 	C:\WINDOWS\System32\combase.dll
0x00007ffb7be40000 - 0x00007ffb7bec1000 	C:\WINDOWS\System32\bcryptPrimitives.dll
0x00007ffb7e5e0000 - 0x00007ffb7e60e000 	C:\WINDOWS\System32\IMM32.DLL
0x0000000061a50000 - 0x0000000061b22000 	C:\Program Files\Java\jdk1.8.0_231\jre\bin\msvcr100.dll
0x0000000061160000 - 0x0000000061a06000 	C:\Program Files\Java\jdk1.8.0_231\jre\bin\server\jvm.dll
0x00007ffb7d680000 - 0x00007ffb7d688000 	C:\WINDOWS\System32\PSAPI.DLL
0x00007ffb70360000 - 0x00007ffb70384000 	C:\WINDOWS\SYSTEM32\WINMM.dll
0x00007ffb78910000 - 0x00007ffb78919000 	C:\WINDOWS\SYSTEM32\WSOCK32.dll
0x00007ffb76250000 - 0x00007ffb7625a000 	C:\WINDOWS\SYSTEM32\VERSION.dll
0x00007ffb7e100000 - 0x00007ffb7e16f000 	C:\WINDOWS\System32\WS2_32.dll
0x00007ffb727c0000 - 0x00007ffb727ed000 	C:\WINDOWS\SYSTEM32\WINMMBASE.dll
0x00007ffb7bed0000 - 0x00007ffb7bf1a000 	C:\WINDOWS\System32\cfgmgr32.dll
0x00007ffb70ca0000 - 0x00007ffb70caf000 	C:\Program Files\Java\jdk1.8.0_231\jre\bin\verify.dll
0x00007ffb6d750000 - 0x00007ffb6d779000 	C:\Program Files\Java\jdk1.8.0_231\jre\bin\java.dll
0x00007ffb62250000 - 0x00007ffb62273000 	C:\Program Files\Java\jdk1.8.0_231\jre\bin\instrument.dll
0x00007ffb6d730000 - 0x00007ffb6d746000 	C:\Program Files\Java\jdk1.8.0_231\jre\bin\zip.dll
0x00007ffb7cf90000 - 0x00007ffb7d677000 	C:\WINDOWS\System32\SHELL32.dll
0x00007ffb7e8a0000 - 0x00007ffb7e948000 	C:\WINDOWS\System32\shcore.dll
0x00007ffb7bf80000 - 0x00007ffb7c6fb000 	C:\WINDOWS\System32\windows.storage.dll
0x00007ffb7bd50000 - 0x00007ffb7bd6e000 	C:\WINDOWS\System32\profapi.dll
0x00007ffb7bd00000 - 0x00007ffb7bd4a000 	C:\WINDOWS\System32\powrprof.dll
0x00007ffb7bcd0000 - 0x00007ffb7bce0000 	C:\WINDOWS\System32\UMPDC.dll
0x00007ffb7db60000 - 0x00007ffb7dbb2000 	C:\WINDOWS\System32\shlwapi.dll
0x00007ffb7bce0000 - 0x00007ffb7bcf1000 	C:\WINDOWS\System32\kernel.appcore.dll
0x00007ffb7c940000 - 0x00007ffb7c957000 	C:\WINDOWS\System32\cryptsp.dll
0x00007ffb62230000 - 0x00007ffb6224a000 	C:\Program Files\JetBrains\IntelliJ IDEA 2019.2.4\bin\breakgen64.dll
0x00007ffb664b0000 - 0x00007ffb664ca000 	C:\Program Files\Java\jdk1.8.0_231\jre\bin\net.dll
0x00007ffb7b510000 - 0x00007ffb7b577000 	C:\WINDOWS\system32\mswsock.dll
0x00007ffb6ecc0000 - 0x00007ffb6eccd000 	C:\Program Files\Java\jdk1.8.0_231\jre\bin\management.dll
0x00007ffb66490000 - 0x00007ffb664a2000 	C:\Program Files\Java\jdk1.8.0_231\jre\bin\nio.dll
0x00007ffb7b090000 - 0x00007ffb7b0c3000 	C:\WINDOWS\system32\rsaenh.dll
0x00007ffb7cea0000 - 0x00007ffb7cec6000 	C:\WINDOWS\System32\bcrypt.dll
0x00007ffb7bbf0000 - 0x00007ffb7bc15000 	C:\WINDOWS\SYSTEM32\USERENV.dll
0x00007ffb7b6e0000 - 0x00007ffb7b6ec000 	C:\WINDOWS\SYSTEM32\CRYPTBASE.dll
0x00007ffb7b220000 - 0x00007ffb7b25a000 	C:\WINDOWS\SYSTEM32\IPHLPAPI.DLL
0x00007ffb7e730000 - 0x00007ffb7e738000 	C:\WINDOWS\System32\NSI.dll
0x00007ffb77540000 - 0x00007ffb77556000 	C:\WINDOWS\SYSTEM32\dhcpcsvc6.DLL
0x00007ffb774b0000 - 0x00007ffb774cc000 	C:\WINDOWS\SYSTEM32\dhcpcsvc.DLL
0x00007ffb7b260000 - 0x00007ffb7b32b000 	C:\WINDOWS\SYSTEM32\DNSAPI.dll
0x00007ffb71ae0000 - 0x00007ffb71af6000 	C:\WINDOWS\system32\napinsp.dll
0x00007ffb71210000 - 0x00007ffb7122a000 	C:\WINDOWS\system32\pnrpnsp.dll
0x00007ffb782e0000 - 0x00007ffb782ee000 	C:\WINDOWS\System32\winrnr.dll
0x00007ffb788f0000 - 0x00007ffb7890c000 	C:\WINDOWS\system32\NLAapi.dll
0x00007ffb5fb50000 - 0x00007ffb5fb65000 	C:\WINDOWS\system32\wshbth.dll
0x00007ffb77010000 - 0x00007ffb7701a000 	C:\Windows\System32\rasadhlp.dll
0x00007ffb771d0000 - 0x00007ffb77247000 	C:\WINDOWS\System32\fwpuclnt.dll

VM Arguments:
jvm_args: -javaagent:C:\Program Files\JetBrains\IntelliJ IDEA 2019.2.4\lib\idea_rt.jar=60961:C:\Program Files\JetBrains\IntelliJ IDEA 2019.2.4\bin -Dfile.encoding=UTF-8 
java_command: edu.hit.ftcl.wqh.resultHandler.AverageLatencyComputeFromKafka
java_class_path (initial): C:\Program Files\Java\jdk1.8.0_231\jre\lib\charsets.jar;C:\Program Files\Java\jdk1.8.0_231\jre\lib\deploy.jar;C:\Program Files\Java\jdk1.8.0_231\jre\lib\ext\access-bridge-64.jar;C:\Program Files\Java\jdk1.8.0_231\jre\lib\ext\cldrdata.jar;C:\Program Files\Java\jdk1.8.0_231\jre\lib\ext\dnsns.jar;C:\Program Files\Java\jdk1.8.0_231\jre\lib\ext\jaccess.jar;C:\Program Files\Java\jdk1.8.0_231\jre\lib\ext\jfxrt.jar;C:\Program Files\Java\jdk1.8.0_231\jre\lib\ext\localedata.jar;C:\Program Files\Java\jdk1.8.0_231\jre\lib\ext\nashorn.jar;C:\Program Files\Java\jdk1.8.0_231\jre\lib\ext\sunec.jar;C:\Program Files\Java\jdk1.8.0_231\jre\lib\ext\sunjce_provider.jar;C:\Program Files\Java\jdk1.8.0_231\jre\lib\ext\sunmscapi.jar;C:\Program Files\Java\jdk1.8.0_231\jre\lib\ext\sunpkcs11.jar;C:\Program Files\Java\jdk1.8.0_231\jre\lib\ext\zipfs.jar;C:\Program Files\Java\jdk1.8.0_231\jre\lib\javaws.jar;C:\Program Files\Java\jdk1.8.0_231\jre\lib\jce.jar;C:\Program Files\Java\jdk1.8.0_231\jre\lib\jfr.jar;C:\Program Files\Java\jdk1.8.0_231\jre\lib\jfxswt.jar;C:\Program Files\Java\jdk1.8.0_231\jre\lib\jsse.jar;C:\Program Files\Java\jdk1.8.0_231\jre\lib\management-agent.jar;C:\Program Files\Java\jdk1.8.0_231\jre\lib\plugin.jar;C:\Program Files\Java\jdk1.8.0_231\jre\lib\resources.jar;C:\Program Files\Java\jdk1.8.0_231\jre\lib\rt.jar;D:\MyProject\FlinkNMJoinProject\target\classes;D:\Maven\LocalWareHouse\org\apache\flink\flink-java\1.11.2\flink-java-1.11.2.jar;D:\Maven\LocalWareHouse\org\apache\flink\flink-core\1.11.2\flink-core-1.11.2.jar;D:\Maven\LocalWareHouse\org\apache\flink\flink-annotations\1.11.2\flink-annotations-1.11.2.jar;D:\Maven\LocalWareHouse\org\apache\flink\flink-metrics-core\1.11.2\flink-metrics-core-1.11.2.jar;D:\Maven\LocalWareHouse\org\apache\flink\flink-shaded-asm-7\7.1-11.0\flink-shaded-asm-7-7.1-11.0.jar;D:\Maven\LocalWareHouse\com\esotericsoftware\kryo\kryo\2.24.0\kryo-2.24.0.jar;D:\Maven\LocalWareHouse\com\esotericsoftware\minlog\minlog\1.2\minlog
Launcher Type: SUN_STANDARD

Environment Variables:
JAVA_HOME=C:\Program Files\Java\jdk1.8.0_231
CLASSPATH=C:\Program Files\Java\jdk1.8.0_231\lib\dt.jar;C:\Program Files\Java\jdk1.8.0_231\lib\tools.jar; .;C:\Program Files (x86)\scala\bin;C:\Program Files (x86)\scala\lib\dt.jar;C:\Program Files (x86)\scala\lib\tools.jar.;
PATH=C:\Program Files (x86)\Common Files\Oracle\Java\javapath;C:\WINDOWS\system32;C:\WINDOWS;C:\WINDOWS\System32\Wbem;C:\WINDOWS\System32\WindowsPowerShell\v1.0\;C:\WINDOWS\System32\OpenSSH\;C:\Program Files (x86)\Intel\Intel(R) Management Engine Components\DAL;C:\Program Files\Intel\Intel(R) Management Engine Components\DAL;C:\Program Files\Java\jdk1.8.0_231\bin;C:\Program Files (x86)\scala\bin;C:\Program Files (x86)\scala\jre\bin;C:\Program Files (x86)\scala\bin;D:\Maven\apache-maven-3.6.2\bin;D:\MyCompiler\MySQL\MySQL Server\bin;D:\MyCompiler\Python\Python39\Scripts\;D:\MyCompiler\Python\Python39\;C:\Users\admin\AppData\Local\Microsoft\WindowsApps;
USERNAME=admin
OS=Windows_NT
PROCESSOR_IDENTIFIER=Intel64 Family 6 Model 158 Stepping 10, GenuineIntel



---------------  S Y S T E M  ---------------

OS: Windows 10.0 , 64 bit Build 18362 (10.0.18362.1500)

CPU:total 6 (initial active 6) (6 cores per cpu, 1 threads per core) family 6 model 158 stepping 10, cmov, cx8, fxsr, mmx, sse, sse2, sse3, ssse3, sse4.1, sse4.2, popcnt, avx, avx2, aes, clmul, erms, 3dnowpref, lzcnt, tsc, tscinvbit, bmi1, bmi2, adx

Memory: 4k page, physical 8320464k(1016824k free), swap 33486288k(4408k free)

vm_info: Java HotSpot(TM) 64-Bit Server VM (25.231-b11) for windows-amd64 JRE (1.8.0_231-b11), built on Oct  5 2019 03:11:30 by "java_re" with MS VC++ 10.0 (VS2010)

time: Mon Nov 15 14:47:51 2021
timezone: 中国标准时间
elapsed time: 3 seconds (0d 0h 0m 3s)

