#
# There is insufficient memory for the Java Runtime Environment to continue.
# Native memory allocation (malloc) failed to allocate 524288 bytes for AllocateHeap
# Possible reasons:
#   The system is out of physical RAM or swap space
#   The process is running with CompressedOops enabled, and the Java Heap may be blocking the growth of the native heap
# Possible solutions:
#   Reduce memory load on the system
#   Increase physical memory or swap space
#   Check if swap backing store is full
#   Decrease Java heap size (-Xmx/-Xms)
#   Decrease number of Java threads
#   Decrease Java thread stack sizes (-Xss)
#   Set larger code cache with -XX:ReservedCodeCacheSize=
#   JVM is running with Unscaled Compressed Oops mode in which the Java heap is
#     placed in the first 4GB address space. The Java Heap base address is the
#     maximum limit for the native heap growth. Please use -XX:HeapBaseMinAddress
#     to set the Java Heap base and to place the Java Heap above 4GB virtual address.
# This output file may be truncated or incomplete.
#
#  Out of Memory Error (c:/BuildAgent/work/5ff2f6c26000d570/src/hotspot/share/memory/allocation.cpp:46), pid=38160, tid=34108
#
# JRE version:  (11.0.4+10) (build )
# Java VM: OpenJDK 64-Bit Server VM (11.0.4+10-b304.77, mixed mode, tiered, compressed oops, g1 gc, windows-amd64)
# No core dump will be written. Minidumps are not enabled by default on client versions of Windows
#

---------------  S U M M A R Y ------------

Command Line: org.jetbrains.git4idea.http.GitAskPassApp Username for 'https://github.com': 

Host: Intel(R) Core(TM) i5-9400F CPU @ 2.90GHz, 6 cores, 7G,  Windows 10 , 64 bit Build 18362 (10.0.18362.1500)
Time: Fri Mar 25 16:07:09 2022 ?D1¨²¡À¨º¡Á?¨º¡À?? elapsed time: 0 seconds (0d 0h 0m 0s)

---------------  T H R E A D  ---------------

Current thread (0x000001af2cf08800):  JavaThread "Unknown thread" [_thread_in_vm, id=34108, stack(0x0000005b37f00000,0x0000005b38000000)]

Stack: [0x0000005b37f00000,0x0000005b38000000]
Native frames: (J=compiled Java code, j=interpreted, Vv=VM code, C=native code)
V  [jvm.dll+0x5db31a]
V  [jvm.dll+0x70c395]
V  [jvm.dll+0x70d8b8]
V  [jvm.dll+0x70df83]
V  [jvm.dll+0x23dbb8]
V  [jvm.dll+0xb0ad4]
V  [jvm.dll+0x66c13f]
V  [jvm.dll+0x66c0d7]
V  [jvm.dll+0x66c25a]
V  [jvm.dll+0x6eac42]
V  [jvm.dll+0x6ed067]
V  [jvm.dll+0x354fb9]
V  [jvm.dll+0x6d35be]
V  [jvm.dll+0x3bd673]
V  [jvm.dll+0x3bf9f1]
C  [java.exe+0x3763]
C  [java.exe+0x17a0c]
C  [KERNEL32.DLL+0x17c24]
C  [ntdll.dll+0x6d721]


---------------  P R O C E S S  ---------------

Threads class SMR info:
_java_thread_list=0x000001af2b667110, length=0, elements={
}

Java Threads: ( => current thread )

Other Threads:
  0x000001af2cf19800 GCTaskThread "GC Thread#0" [stack: 0x0000005b38000000,0x0000005b38100000] [id=27100]
  0x000001af2cf4b800 ConcurrentGCThread "G1 Main Marker" [stack: 0x0000005b38100000,0x0000005b38200000] [id=23132]
  0x000001af2cf4d000 ConcurrentGCThread "G1 Conc#0" [stack: 0x0000005b38200000,0x0000005b38300000] [id=35628]
  0x000001af478b0800 ConcurrentGCThread "G1 Refine#0" [stack: 0x0000005b38300000,0x0000005b38400000] [id=16928]
  0x000001af478b1800 ConcurrentGCThread "G1 Young RemSet Sampling" [stack: 0x0000005b38400000,0x0000005b38500000] [id=36908]

=>0x000001af2cf08800 (exited) JavaThread "Unknown thread" [_thread_in_vm, id=34108, stack(0x0000005b37f00000,0x0000005b38000000)]

Threads with active compile tasks:

VM state:not at safepoint (not fully initialized)

VM Mutex/Monitor currently owned by a thread: None

Heap address: 0x0000000081000000, size: 2032 MB, Compressed Oops mode: 32-bit
Narrow klass base: 0x0000000000000000, Narrow klass shift: 3
Compressed class space size: 1073741824 Address: 0x0000000100000000

GC Heap History (0 events):
No events

Deoptimization events (0 events):
No events

Classes redefined (0 events):
No events

Internal exceptions (0 events):
No events

Events (0 events):
No events


Dynamic libraries:
0x00007ff6ca230000 - 0x00007ff6ca277000 	C:\Program Files\JetBrains\IntelliJ IDEA 2019.2.4\jbr\bin\java.exe
0x00007ffe5a240000 - 0x00007ffe5a430000 	C:\WINDOWS\SYSTEM32\ntdll.dll
0x00007ffe58bb0000 - 0x00007ffe58c62000 	C:\WINDOWS\System32\KERNEL32.DLL
0x00007ffe57640000 - 0x00007ffe578e5000 	C:\WINDOWS\System32\KERNELBASE.dll
0x00007ffe58e10000 - 0x00007ffe58fa4000 	C:\WINDOWS\System32\USER32.dll
0x00007ffe573c0000 - 0x00007ffe573e1000 	C:\WINDOWS\System32\win32u.dll
0x00007ffe583c0000 - 0x00007ffe583e6000 	C:\WINDOWS\System32\GDI32.dll
0x00007ffe57980000 - 0x00007ffe57b18000 	C:\WINDOWS\System32\gdi32full.dll
0x00007ffe57570000 - 0x00007ffe5760e000 	C:\WINDOWS\System32\msvcp_win.dll
0x00007ffe572c0000 - 0x00007ffe573ba000 	C:\WINDOWS\System32\ucrtbase.dll
0x00007ffe48a70000 - 0x00007ffe48cf4000 	C:\WINDOWS\WinSxS\amd64_microsoft.windows.common-controls_6595b64144ccf1df_6.0.18362.1556_none_9e7e372fe45e41d5\COMCTL32.dll
0x00007ffe589c0000 - 0x00007ffe58a5e000 	C:\WINDOWS\System32\msvcrt.dll
0x00007ffe58590000 - 0x00007ffe588c6000 	C:\WINDOWS\System32\combase.dll
0x00007ffe5a0e0000 - 0x00007ffe5a1ff000 	C:\WINDOWS\System32\RPCRT4.dll
0x00007ffe578f0000 - 0x00007ffe57971000 	C:\WINDOWS\System32\bcryptPrimitives.dll
0x00007ffe58a70000 - 0x00007ffe58a9e000 	C:\WINDOWS\System32\IMM32.DLL
0x00007ffe3f9d0000 - 0x00007ffe3f9e7000 	C:\Program Files\JetBrains\IntelliJ IDEA 2019.2.4\jbr\bin\vcruntime140.dll
0x00007ffe3a990000 - 0x00007ffe3aa2d000 	C:\Program Files\JetBrains\IntelliJ IDEA 2019.2.4\jbr\bin\msvcp140.dll
0x00007ffe25b50000 - 0x00007ffe26608000 	C:\Program Files\JetBrains\IntelliJ IDEA 2019.2.4\jbr\bin\server\jvm.dll
0x00007ffe59240000 - 0x00007ffe592e3000 	C:\WINDOWS\System32\ADVAPI32.dll
0x00007ffe59040000 - 0x00007ffe590d7000 	C:\WINDOWS\System32\sechost.dll
0x00007ffe59b90000 - 0x00007ffe59b98000 	C:\WINDOWS\System32\PSAPI.DLL
0x00007ffe41e30000 - 0x00007ffe41e39000 	C:\WINDOWS\SYSTEM32\WSOCK32.dll
0x00007ffe551a0000 - 0x00007ffe551c4000 	C:\WINDOWS\SYSTEM32\WINMM.dll
0x00007ffe4fe00000 - 0x00007ffe4fe0a000 	C:\WINDOWS\SYSTEM32\VERSION.dll
0x00007ffe58fb0000 - 0x00007ffe5901f000 	C:\WINDOWS\System32\WS2_32.dll
0x00007ffe55040000 - 0x00007ffe5506d000 	C:\WINDOWS\SYSTEM32\WINMMBASE.dll
0x00007ffe57b20000 - 0x00007ffe57b6a000 	C:\WINDOWS\System32\cfgmgr32.dll
0x00007ffe57170000 - 0x00007ffe57181000 	C:\WINDOWS\System32\kernel.appcore.dll
0x00007ffe55200000 - 0x00007ffe55211000 	C:\Program Files\JetBrains\IntelliJ IDEA 2019.2.4\jbr\bin\verify.dll
0x00007ffe48870000 - 0x00007ffe48a64000 	C:\WINDOWS\SYSTEM32\DBGHELP.DLL
0x00007ffe41c50000 - 0x00007ffe41c7a000 	C:\WINDOWS\SYSTEM32\dbgcore.DLL
0x00007ffe454c0000 - 0x00007ffe454e9000 	C:\Program Files\JetBrains\IntelliJ IDEA 2019.2.4\jbr\bin\java.dll
0x00007ffe4e680000 - 0x00007ffe4e697000 	C:\Program Files\JetBrains\IntelliJ IDEA 2019.2.4\jbr\bin\zip.dll
0x00007ffe45820000 - 0x00007ffe4582b000 	C:\Program Files\JetBrains\IntelliJ IDEA 2019.2.4\jbr\bin\jimage.dll

dbghelp: loaded successfully - version: 4.0.5 - missing functions: none
symbol engine: initialized successfully - sym options: 0x614 - pdb path: .;C:\Program Files\JetBrains\IntelliJ IDEA 2019.2.4\jbr\bin;C:\WINDOWS\SYSTEM32;C:\WINDOWS\WinSxS\amd64_microsoft.windows.common-controls_6595b64144ccf1df_6.0.18362.1556_none_9e7e372fe45e41d5;C:\Program Files\JetBrains\IntelliJ IDEA 2019.2.4\jbr\bin\server

VM Arguments:
java_command: org.jetbrains.git4idea.http.GitAskPassApp Username for 'https://github.com': 
java_class_path (initial): C:/Program Files/JetBrains/IntelliJ IDEA 2019.2.4/plugins/git4idea/lib/git4idea-rt.jar;C:/Program Files/JetBrains/IntelliJ IDEA 2019.2.4/lib/xmlrpc-2.0.1.jar;C:/Program Files/JetBrains/IntelliJ IDEA 2019.2.4/lib/commons-codec-1.13.jar;C:/Program Files/JetBrains/IntelliJ IDEA 2019.2.4/lib/util.jar
Launcher Type: SUN_STANDARD

[Global flags]
     intx CICompilerCount                          = 3                                         {product} {ergonomic}
     uint ConcGCThreads                            = 2                                         {product} {ergonomic}
     uint G1ConcRefinementThreads                  = 6                                         {product} {ergonomic}
   size_t G1HeapRegionSize                         = 1048576                                   {product} {ergonomic}
    uintx GCDrainStackTargetSize                   = 64                                        {product} {ergonomic}
   size_t InitialHeapSize                          = 134217728                                 {product} {ergonomic}
   size_t MarkStackSize                            = 4194304                                   {product} {ergonomic}
   size_t MaxHeapSize                              = 2130706432                                {product} {ergonomic}
   size_t MaxNewSize                               = 1278214144                                {product} {ergonomic}
   size_t MinHeapDeltaBytes                        = 1048576                                   {product} {ergonomic}
    uintx NonNMethodCodeHeapSize                   = 5830092                                {pd product} {ergonomic}
    uintx NonProfiledCodeHeapSize                  = 122914074                              {pd product} {ergonomic}
    uintx ProfiledCodeHeapSize                     = 122914074                              {pd product} {ergonomic}
    uintx ReservedCodeCacheSize                    = 251658240                              {pd product} {ergonomic}
     bool SegmentedCodeCache                       = true                                      {product} {ergonomic}
     bool UseCompressedClassPointers               = true                                 {lp64_product} {ergonomic}
     bool UseCompressedOops                        = true                                 {lp64_product} {ergonomic}
     bool UseG1GC                                  = true                                      {product} {ergonomic}
     bool UseLargePagesIndividualAllocation        = false                                  {pd product} {ergonomic}

Logging:
Log output configuration:
 #0: stdout all=warning uptime,level,tags
 #1: stderr all=off uptime,level,tags

Environment Variables:
JAVA_HOME=C:\Program Files\Java\jdk1.8.0_231
CLASSPATH=C:\Program Files\Java\jdk1.8.0_231\lib\dt.jar;C:\Program Files\Java\jdk1.8.0_231\lib\tools.jar; .;C:\Program Files (x86)\scala\bin;C:\Program Files (x86)\scala\lib\dt.jar;C:\Program Files (x86)\scala\lib\tools.jar.;
PATH=D:\MyCompiler\Git\mingw64\libexec\git-core;D:\MyCompiler\Git\mingw64\libexec\git-core;D:\MyCompiler\Git\mingw64\bin;D:\MyCompiler\Git\usr\bin;C:\Users\admin\bin;C:\Program Files (x86)\Common Files\Oracle\Java\javapath;C:\WINDOWS\system32;C:\WINDOWS;C:\WINDOWS\System32\Wbem;C:\WINDOWS\System32\WindowsPowerShell\v1.0;C:\WINDOWS\System32\OpenSSH;C:\Program Files (x86)\Intel\Intel(R) Management Engine Components\DAL;C:\Program Files\Intel\Intel(R) Management Engine Components\DAL;C:\Program Files\Java\jdk1.8.0_231\bin;C:\Program Files (x86)\scala\bin;C:\Program Files (x86)\scala\jre\bin;C:\Program Files (x86)\scala\bin;D:\Maven\apache-maven-3.6.2\bin;D:\MyCompiler\MySQL\MySQL Server\bin;D:\MySoftware\texlive\2021\bin\win32;D:\MyCompiler\Python\Python39\Scripts;D:\MyCompiler\Python\Python39;C:\Users\admin\AppData\Local\Microsoft\WindowsApps
USERNAME=admin
DISPLAY=:0.0
OS=Windows_NT
PROCESSOR_IDENTIFIER=Intel64 Family 6 Model 158 Stepping 10, GenuineIntel



---------------  S Y S T E M  ---------------

OS: Windows 10 , 64 bit Build 18362 (10.0.18362.1500)

CPU:total 6 (initial active 6) (6 cores per cpu, 1 threads per core) family 6 model 158 stepping 10, cmov, cx8, fxsr, mmx, sse, sse2, sse3, ssse3, sse4.1, sse4.2, popcnt, avx, avx2, aes, clmul, erms, 3dnowpref, lzcnt, tsc, tscinvbit, bmi1, bmi2, adx, fma

Memory: 4k page, system-wide physical 8125M (959M free)
TotalPageFile size 32701M (AvailPageFile size 4M)
current process WorkingSet (physical memory assigned to process): 16M, peak: 16M
current process commit charge ("private bytes"): 190M, peak: 193M

vm_info: OpenJDK 64-Bit Server VM (11.0.4+10-b304.77) for windows-amd64 JRE (11.0.4+10-b304.77), built on Oct 10 2019 15:02:36 by "" with MS VC++ 14.0 (VS2015)

END.
